<?xml version="1.0" encoding="UTF-8"?>
<testng-results ignored="0" total="1" passed="1" failed="0" skipped="0">
  <reporter-output>
  </reporter-output>
  <suite started-at="2024-09-20T13:09:14Z" name="Default suite" finished-at="2024-09-20T13:09:34Z" duration-ms="19967">
    <groups>
    </groups>
    <test started-at="2024-09-20T13:09:14Z" name="Default test" finished-at="2024-09-20T13:09:34Z" duration-ms="19967">
      <class name="com.mystore.testcases.HomePageTest">
        <test-method is-config="true" signature="loadConfig()[pri:0, instance:com.mystore.testcases.HomePageTest@57bc27f5]" started-at="2024-09-20T13:09:14Z" name="loadConfig" finished-at="2024-09-20T13:09:14Z" duration-ms="6" status="PASS">
          <reporter-output>
          </reporter-output>
        </test-method> <!-- loadConfig -->
        <test-method is-config="true" signature="startTest()[pri:0, instance:com.mystore.testcases.HomePageTest@57bc27f5]" started-at="2024-09-20T13:09:14Z" name="startTest" finished-at="2024-09-20T13:09:28Z" duration-ms="13118" status="PASS">
          <reporter-output>
          </reporter-output>
        </test-method> <!-- startTest -->
        <test-method signature="HomePage()[pri:0, instance:com.mystore.testcases.HomePageTest@57bc27f5]" started-at="2024-09-20T13:09:28Z" name="HomePage" finished-at="2024-09-20T13:09:33Z" duration-ms="5338" status="PASS">
          <reporter-output>
          </reporter-output>
        </test-method> <!-- HomePage -->
        <test-method is-config="true" signature="tearDown()[pri:0, instance:com.mystore.testcases.HomePageTest@57bc27f5]" started-at="2024-09-20T13:09:33Z" name="tearDown" finished-at="2024-09-20T13:09:34Z" duration-ms="1489" status="PASS">
          <reporter-output>
          </reporter-output>
        </test-method> <!-- tearDown -->
      </class> <!-- com.mystore.testcases.HomePageTest -->
    </test> <!-- Default test -->
  </suite> <!-- Default suite -->
</testng-results>
