<?xml version="1.0" encoding="UTF-8"?>
<testng-results ignored="0" total="1" passed="1" failed="0" skipped="0">
  <reporter-output>
  </reporter-output>
  <suite started-at="2024-09-20T23:14:57 IST" name="Default suite" finished-at="2024-09-20T23:15:14 IST" duration-ms="17320">
    <groups>
    </groups>
    <test started-at="2024-09-20T23:14:57 IST" name="Default test" finished-at="2024-09-20T23:15:14 IST" duration-ms="17320">
      <class name="com.mystore.testcases.ProductPageTest">
        <test-method is-config="true" signature="loadConfig()[pri:0, instance:com.mystore.testcases.ProductPageTest@3911c2a7]" started-at="2024-09-20T23:14:57 IST" name="loadConfig" finished-at="2024-09-20T23:14:57 IST" duration-ms="7" status="PASS">
          <reporter-output>
          </reporter-output>
        </test-method> <!-- loadConfig -->
        <test-method is-config="true" signature="startTest()[pri:0, instance:com.mystore.testcases.ProductPageTest@3911c2a7]" started-at="2024-09-20T23:14:57 IST" name="startTest" finished-at="2024-09-20T23:15:02 IST" duration-ms="4789" status="PASS">
          <reporter-output>
          </reporter-output>
        </test-method> <!-- startTest -->
        <test-method signature="productList()[pri:0, instance:com.mystore.testcases.ProductPageTest@3911c2a7]" started-at="2024-09-20T23:15:02 IST" name="productList" finished-at="2024-09-20T23:15:14 IST" duration-ms="12476" status="PASS">
          <reporter-output>
          </reporter-output>
        </test-method> <!-- productList -->
        <test-method is-config="true" signature="tearDown()[pri:0, instance:com.mystore.testcases.ProductPageTest@3911c2a7]" started-at="2024-09-20T23:15:14 IST" name="tearDown" finished-at="2024-09-20T23:15:14 IST" duration-ms="0" status="PASS">
          <reporter-output>
          </reporter-output>
        </test-method> <!-- tearDown -->
      </class> <!-- com.mystore.testcases.ProductPageTest -->
    </test> <!-- Default test -->
  </suite> <!-- Default suite -->
</testng-results>
